<?xml version="1.0" encoding="UTF-8"?>
<!-- Generated by org.testng.reporters.JUnitReportReporter -->
<testsuite hostname="RICHA" failures="0" tests="1" name="rahulshettyacademy.ExtentReport.ExtentReportDemo" time="7.834" errors="0" timestamp="2024-04-23T18:21:12 IST" skipped="0">
  <testcase classname="rahulshettyacademy.ExtentReport.ExtentReportDemo" name="initialDemo" time="7.834"/>
  <system-out/>
</testsuite> <!-- rahulshettyacademy.ExtentReport.ExtentReportDemo -->
