<?xml version="1.0" encoding="UTF-8"?>
<!-- Generated by org.testng.reporters.JUnitReportReporter -->
<testsuite hostname="RICHA" failures="0" tests="1" name="rahulshettyacademy.tests.ViewItemTest" time="4.046" errors="0" timestamp="2024-04-25T23:58:16 IST" skipped="0">
  <testcase classname="rahulshettyacademy.tests.ViewItemTest" name="viewItemAddToCart" time="4.046"/>
  <system-out/>
</testsuite> <!-- rahulshettyacademy.tests.ViewItemTest -->
